{"C:\\Users\\pc\\Desktop\\testez-vos-applications-front-end-avec-javascript\\data\\mock-facade-detail-data.js": {"path":"C:\\Users\\pc\\Desktop\\testez-vos-applications-front-end-avec-javascript\\data\\mock-facade-detail-data.js","statementMap":{"0":{"start":{"line":1,"column":20},"end":{"line":22,"column":1}}},"fnMap":{},"branchMap":{},"s":{"0":1},"f":{},"b":{},"_coverageSchema":"1a1c01bbd47fc00a2c39e90264f33305004495a9","hash":"49f443e7bcb1b9512895654d8bafcadd5547a649"}
,"C:\\Users\\pc\\Desktop\\testez-vos-applications-front-end-avec-javascript\\data\\mock-homepage-data.js": {"path":"C:\\Users\\pc\\Desktop\\testez-vos-applications-front-end-avec-javascript\\data\\mock-homepage-data.js","statementMap":{"0":{"start":{"line":1,"column":20},"end":{"line":208,"column":1}}},"fnMap":{},"branchMap":{},"s":{"0":4},"f":{},"b":{},"_coverageSchema":"1a1c01bbd47fc00a2c39e90264f33305004495a9","hash":"317318e4084d7db9664587c4b646fc4fe750e655"}
,"C:\\Users\\pc\\Desktop\\testez-vos-applications-front-end-avec-javascript\\data\\mock-weather-api-data.js": {"path":"C:\\Users\\pc\\Desktop\\testez-vos-applications-front-end-avec-javascript\\data\\mock-weather-api-data.js","statementMap":{"0":{"start":{"line":1,"column":20},"end":{"line":41,"column":1}}},"fnMap":{},"branchMap":{},"s":{"0":1},"f":{},"b":{},"_coverageSchema":"1a1c01bbd47fc00a2c39e90264f33305004495a9","hash":"9fa5715a6b9cc189dea9528e38f0119278a898a3"}
,"C:\\Users\\pc\\Desktop\\testez-vos-applications-front-end-avec-javascript\\js\\constants.js": {"path":"C:\\Users\\pc\\Desktop\\testez-vos-applications-front-end-avec-javascript\\js\\constants.js","statementMap":{"0":{"start":{"line":1,"column":26},"end":{"line":1,"column":46}},"1":{"start":{"line":2,"column":29},"end":{"line":2,"column":37}},"2":{"start":{"line":3,"column":30},"end":{"line":3,"column":31}}},"fnMap":{},"branchMap":{},"s":{"0":4,"1":4,"2":4},"f":{},"b":{},"_coverageSchema":"1a1c01bbd47fc00a2c39e90264f33305004495a9","hash":"c6f8b29c3872b22a826bd947c8a5d323b768ef82"}
,"C:\\Users\\pc\\Desktop\\testez-vos-applications-front-end-avec-javascript\\js\\pages\\404\\index.js": {"path":"C:\\Users\\pc\\Desktop\\testez-vos-applications-front-end-avec-javascript\\js\\pages\\404\\index.js","statementMap":{"0":{"start":{"line":1,"column":18},"end":{"line":10,"column":1}},"1":{"start":{"line":3,"column":8},"end":{"line":8,"column":9}}},"fnMap":{"0":{"name":"(anonymous_0)","decl":{"start":{"line":2,"column":12},"end":{"line":2,"column":13}},"loc":{"start":{"line":2,"column":18},"end":{"line":9,"column":5}},"line":2}},"branchMap":{},"s":{"0":1,"1":0},"f":{"0":0},"b":{},"_coverageSchema":"1a1c01bbd47fc00a2c39e90264f33305004495a9","hash":"2af53458824c25ea01f75b6c0c26405db796be9d"}
,"C:\\Users\\pc\\Desktop\\testez-vos-applications-front-end-avec-javascript\\js\\pages\\addSensor\\index.js": {"path":"C:\\Users\\pc\\Desktop\\testez-vos-applications-front-end-avec-javascript\\js\\pages\\addSensor\\index.js","statementMap":{"0":{"start":{"line":3,"column":18},"end":{"line":59,"column":1}},"1":{"start":{"line":5,"column":8},"end":{"line":57,"column":9}}},"fnMap":{"0":{"name":"(anonymous_0)","decl":{"start":{"line":4,"column":12},"end":{"line":4,"column":13}},"loc":{"start":{"line":4,"column":18},"end":{"line":58,"column":5}},"line":4}},"branchMap":{},"s":{"0":1,"1":1},"f":{"0":1},"b":{},"_coverageSchema":"1a1c01bbd47fc00a2c39e90264f33305004495a9","hash":"e8aa15bfdc9135ac5d32d9d01c61a5a3ddad7e86"}
,"C:\\Users\\pc\\Desktop\\testez-vos-applications-front-end-avec-javascript\\js\\pages\\common\\header\\index.js": {"path":"C:\\Users\\pc\\Desktop\\testez-vos-applications-front-end-avec-javascript\\js\\pages\\common\\header\\index.js","statementMap":{"0":{"start":{"line":1,"column":15},"end":{"line":25,"column":1}},"1":{"start":{"line":3,"column":8},"end":{"line":23,"column":9}}},"fnMap":{"0":{"name":"(anonymous_0)","decl":{"start":{"line":2,"column":12},"end":{"line":2,"column":13}},"loc":{"start":{"line":2,"column":18},"end":{"line":24,"column":5}},"line":2}},"branchMap":{},"s":{"0":4,"1":4},"f":{"0":4},"b":{},"_coverageSchema":"1a1c01bbd47fc00a2c39e90264f33305004495a9","hash":"9df3e2d595f31a5029058afdbfad53d0a2bd9751"}
,"C:\\Users\\pc\\Desktop\\testez-vos-applications-front-end-avec-javascript\\js\\pages\\common\\pagination\\index.js": {"path":"C:\\Users\\pc\\Desktop\\testez-vos-applications-front-end-avec-javascript\\js\\pages\\common\\pagination\\index.js","statementMap":{"0":{"start":{"line":5,"column":19},"end":{"line":39,"column":1}},"1":{"start":{"line":11,"column":41},"end":{"line":11,"column":84}},"2":{"start":{"line":13,"column":30},"end":{"line":13,"column":74}},"3":{"start":{"line":15,"column":30},"end":{"line":15,"column":90}},"4":{"start":{"line":17,"column":8},"end":{"line":25,"column":9}},"5":{"start":{"line":17,"column":21},"end":{"line":17,"column":22}},"6":{"start":{"line":18,"column":12},"end":{"line":24,"column":13}},"7":{"start":{"line":27,"column":8},"end":{"line":27,"column":34}},"8":{"start":{"line":29,"column":8},"end":{"line":29,"column":30}},"9":{"start":{"line":32,"column":28},"end":{"line":32,"column":70}},"10":{"start":{"line":34,"column":8},"end":{"line":37,"column":10}},"11":{"start":{"line":35,"column":25},"end":{"line":35,"column":60}},"12":{"start":{"line":36,"column":12},"end":{"line":36,"column":58}}},"fnMap":{"0":{"name":"(anonymous_0)","decl":{"start":{"line":11,"column":22},"end":{"line":11,"column":23}},"loc":{"start":{"line":11,"column":41},"end":{"line":11,"column":84}},"line":11},"1":{"name":"(anonymous_1)","decl":{"start":{"line":12,"column":12},"end":{"line":12,"column":13}},"loc":{"start":{"line":12,"column":31},"end":{"line":30,"column":5}},"line":12},"2":{"name":"(anonymous_2)","decl":{"start":{"line":31,"column":22},"end":{"line":31,"column":23}},"loc":{"start":{"line":31,"column":28},"end":{"line":38,"column":5}},"line":31},"3":{"name":"(anonymous_3)","decl":{"start":{"line":34,"column":46},"end":{"line":34,"column":47}},"loc":{"start":{"line":34,"column":53},"end":{"line":37,"column":9}},"line":34}},"branchMap":{},"s":{"0":3,"1":8,"2":4,"3":4,"4":4,"5":4,"6":10,"7":4,"8":4,"9":1,"10":1,"11":0,"12":0},"f":{"0":8,"1":4,"2":1,"3":0},"b":{},"_coverageSchema":"1a1c01bbd47fc00a2c39e90264f33305004495a9","hash":"7748ec110bf5ad1a985a4c2591f4dd1a5221b0ed"}
,"C:\\Users\\pc\\Desktop\\testez-vos-applications-front-end-avec-javascript\\js\\pages\\facadeDetails\\index.js": {"path":"C:\\Users\\pc\\Desktop\\testez-vos-applications-front-end-avec-javascript\\js\\pages\\facadeDetails\\index.js","statementMap":{"0":{"start":{"line":6,"column":22},"end":{"line":191,"column":1}},"1":{"start":{"line":8,"column":8},"end":{"line":12,"column":9}},"2":{"start":{"line":15,"column":8},"end":{"line":88,"column":9}},"3":{"start":{"line":91,"column":8},"end":{"line":158,"column":9}},"4":{"start":{"line":162,"column":23},"end":{"line":162,"column":57}},"5":{"start":{"line":163,"column":36},"end":{"line":163,"column":89}},"6":{"start":{"line":165,"column":8},"end":{"line":189,"column":9}}},"fnMap":{"0":{"name":"(anonymous_0)","decl":{"start":{"line":7,"column":21},"end":{"line":7,"column":22}},"loc":{"start":{"line":7,"column":31},"end":{"line":13,"column":5}},"line":7},"1":{"name":"(anonymous_1)","decl":{"start":{"line":14,"column":23},"end":{"line":14,"column":24}},"loc":{"start":{"line":14,"column":33},"end":{"line":89,"column":5}},"line":14},"2":{"name":"(anonymous_2)","decl":{"start":{"line":90,"column":27},"end":{"line":90,"column":28}},"loc":{"start":{"line":90,"column":43},"end":{"line":159,"column":5}},"line":90},"3":{"name":"(anonymous_3)","decl":{"start":{"line":161,"column":12},"end":{"line":161,"column":13}},"loc":{"start":{"line":161,"column":24},"end":{"line":190,"column":5}},"line":161}},"branchMap":{"0":{"loc":{"start":{"line":41,"column":30},"end":{"line":41,"column":66}},"type":"cond-expr","locations":[{"start":{"line":41,"column":48},"end":{"line":41,"column":55}},{"start":{"line":41,"column":57},"end":{"line":41,"column":66}}],"line":41},"1":{"loc":{"start":{"line":153,"column":30},"end":{"line":153,"column":85}},"type":"cond-expr","locations":[{"start":{"line":153,"column":70},"end":{"line":153,"column":76}},{"start":{"line":153,"column":79},"end":{"line":153,"column":85}}],"line":153}},"s":{"0":1,"1":1,"2":1,"3":1,"4":1,"5":1,"6":1},"f":{"0":1,"1":1,"2":1,"3":1},"b":{"0":[1,0],"1":[1,0]},"_coverageSchema":"1a1c01bbd47fc00a2c39e90264f33305004495a9","hash":"14f44daa1765df93e813de0801a082eeacdbabf1"}
,"C:\\Users\\pc\\Desktop\\testez-vos-applications-front-end-avec-javascript\\js\\pages\\home\\index.js": {"path":"C:\\Users\\pc\\Desktop\\testez-vos-applications-front-end-avec-javascript\\js\\pages\\home\\index.js","statementMap":{"0":{"start":{"line":8,"column":13},"end":{"line":72,"column":1}},"1":{"start":{"line":12,"column":30},"end":{"line":12,"column":61}},"2":{"start":{"line":14,"column":8},"end":{"line":36,"column":9}},"3":{"start":{"line":14,"column":21},"end":{"line":14,"column":32}},"4":{"start":{"line":15,"column":12},"end":{"line":35,"column":13}},"5":{"start":{"line":38,"column":8},"end":{"line":38,"column":35}},"6":{"start":{"line":39,"column":8},"end":{"line":39,"column":30}},"7":{"start":{"line":43,"column":24},"end":{"line":43,"column":51}},"8":{"start":{"line":44,"column":8},"end":{"line":44,"column":30}},"9":{"start":{"line":46,"column":8},"end":{"line":59,"column":9}},"10":{"start":{"line":63,"column":8},"end":{"line":63,"column":28}},"11":{"start":{"line":65,"column":32},"end":{"line":65,"column":74}},"12":{"start":{"line":66,"column":8},"end":{"line":66,"column":38}},"13":{"start":{"line":68,"column":8},"end":{"line":68,"column":71}},"14":{"start":{"line":70,"column":8},"end":{"line":70,"column":37}}},"fnMap":{"0":{"name":"(anonymous_0)","decl":{"start":{"line":11,"column":23},"end":{"line":11,"column":24}},"loc":{"start":{"line":11,"column":34},"end":{"line":40,"column":5}},"line":11},"1":{"name":"(anonymous_1)","decl":{"start":{"line":42,"column":12},"end":{"line":42,"column":13}},"loc":{"start":{"line":42,"column":24},"end":{"line":60,"column":5}},"line":42},"2":{"name":"(anonymous_2)","decl":{"start":{"line":62,"column":18},"end":{"line":62,"column":19}},"loc":{"start":{"line":62,"column":34},"end":{"line":71,"column":5}},"line":62}},"branchMap":{},"s":{"0":3,"1":1,"2":1,"3":1,"4":8,"5":1,"6":1,"7":1,"8":1,"9":1,"10":0,"11":0,"12":0,"13":0,"14":0},"f":{"0":1,"1":1,"2":0},"b":{},"_coverageSchema":"1a1c01bbd47fc00a2c39e90264f33305004495a9","hash":"59aa546c30d42536780bc005acdd44411994c259"}
,"C:\\Users\\pc\\Desktop\\testez-vos-applications-front-end-avec-javascript\\js\\pages\\signIn\\index.js": {"path":"C:\\Users\\pc\\Desktop\\testez-vos-applications-front-end-avec-javascript\\js\\pages\\signIn\\index.js","statementMap":{"0":{"start":{"line":1,"column":15},"end":{"line":30,"column":1}},"1":{"start":{"line":3,"column":8},"end":{"line":28,"column":9}}},"fnMap":{"0":{"name":"(anonymous_0)","decl":{"start":{"line":2,"column":12},"end":{"line":2,"column":13}},"loc":{"start":{"line":2,"column":18},"end":{"line":29,"column":5}},"line":2}},"branchMap":{},"s":{"0":2,"1":5},"f":{"0":5},"b":{},"_coverageSchema":"1a1c01bbd47fc00a2c39e90264f33305004495a9","hash":"cda383fa60b4d5caa73b288335c079e1da4089f9"}
,"C:\\Users\\pc\\Desktop\\testez-vos-applications-front-end-avec-javascript\\js\\router\\index.js": {"path":"C:\\Users\\pc\\Desktop\\testez-vos-applications-front-end-avec-javascript\\js\\router\\index.js","statementMap":{"0":{"start":{"line":12,"column":15},"end":{"line":29,"column":1}},"1":{"start":{"line":31,"column":22},"end":{"line":31,"column":77}},"2":{"start":{"line":31,"column":28},"end":{"line":31,"column":77}},"3":{"start":{"line":33,"column":26},"end":{"line":39,"column":1}},"4":{"start":{"line":34,"column":4},"end":{"line":38,"column":5}},"5":{"start":{"line":35,"column":8},"end":{"line":35,"column":26}},"6":{"start":{"line":36,"column":11},"end":{"line":38,"column":5}},"7":{"start":{"line":37,"column":8},"end":{"line":37,"column":37}},"8":{"start":{"line":42,"column":22},"end":{"line":54,"column":1}},"9":{"start":{"line":44,"column":17},"end":{"line":44,"column":32}},"10":{"start":{"line":47,"column":38},"end":{"line":47,"column":77}},"11":{"start":{"line":50,"column":4},"end":{"line":50,"column":72}},"12":{"start":{"line":53,"column":4},"end":{"line":53,"column":23}}},"fnMap":{"0":{"name":"(anonymous_0)","decl":{"start":{"line":31,"column":22},"end":{"line":31,"column":23}},"loc":{"start":{"line":31,"column":28},"end":{"line":31,"column":77}},"line":31},"1":{"name":"(anonymous_1)","decl":{"start":{"line":33,"column":26},"end":{"line":33,"column":27}},"loc":{"start":{"line":33,"column":32},"end":{"line":39,"column":1}},"line":33},"2":{"name":"(anonymous_2)","decl":{"start":{"line":42,"column":22},"end":{"line":42,"column":23}},"loc":{"start":{"line":42,"column":34},"end":{"line":54,"column":1}},"line":42}},"branchMap":{"0":{"loc":{"start":{"line":31,"column":28},"end":{"line":31,"column":77}},"type":"binary-expr","locations":[{"start":{"line":31,"column":28},"end":{"line":31,"column":70}},{"start":{"line":31,"column":74},"end":{"line":31,"column":77}}],"line":31},"1":{"loc":{"start":{"line":34,"column":4},"end":{"line":38,"column":5}},"type":"if","locations":[{"start":{"line":34,"column":4},"end":{"line":38,"column":5}},{"start":{"line":34,"column":4},"end":{"line":38,"column":5}}],"line":34},"2":{"loc":{"start":{"line":36,"column":11},"end":{"line":38,"column":5}},"type":"if","locations":[{"start":{"line":36,"column":11},"end":{"line":38,"column":5}},{"start":{"line":36,"column":11},"end":{"line":38,"column":5}}],"line":36},"3":{"loc":{"start":{"line":47,"column":12},"end":{"line":47,"column":33}},"type":"default-arg","locations":[{"start":{"line":47,"column":24},"end":{"line":47,"column":33}}],"line":47},"4":{"loc":{"start":{"line":47,"column":38},"end":{"line":47,"column":77}},"type":"binary-expr","locations":[{"start":{"line":47,"column":38},"end":{"line":47,"column":71}},{"start":{"line":47,"column":75},"end":{"line":47,"column":77}}],"line":47}},"s":{"0":1,"1":1,"2":11,"3":1,"4":4,"5":1,"6":3,"7":1,"8":1,"9":4,"10":4,"11":4,"12":4},"f":{"0":11,"1":4,"2":4},"b":{"0":[11,2],"1":[1,3],"2":[1,2],"3":[0],"4":[4,0]},"_coverageSchema":"1a1c01bbd47fc00a2c39e90264f33305004495a9","hash":"2064a3d4f7a1d829a0e14f9411a043fcdbb827ce"}
,"C:\\Users\\pc\\Desktop\\testez-vos-applications-front-end-avec-javascript\\js\\samples\\unit\\unit1.js": {"path":"C:\\Users\\pc\\Desktop\\testez-vos-applications-front-end-avec-javascript\\js\\samples\\unit\\unit1.js","statementMap":{"0":{"start":{"line":5,"column":24},"end":{"line":15,"column":1}},"1":{"start":{"line":6,"column":4},"end":{"line":8,"column":5}},"2":{"start":{"line":7,"column":8},"end":{"line":7,"column":29}},"3":{"start":{"line":10,"column":4},"end":{"line":12,"column":5}},"4":{"start":{"line":11,"column":8},"end":{"line":11,"column":34}},"5":{"start":{"line":14,"column":4},"end":{"line":14,"column":27}}},"fnMap":{"0":{"name":"(anonymous_0)","decl":{"start":{"line":5,"column":24},"end":{"line":5,"column":25}},"loc":{"start":{"line":5,"column":32},"end":{"line":15,"column":1}},"line":5}},"branchMap":{"0":{"loc":{"start":{"line":6,"column":4},"end":{"line":8,"column":5}},"type":"if","locations":[{"start":{"line":6,"column":4},"end":{"line":8,"column":5}},{"start":{"line":6,"column":4},"end":{"line":8,"column":5}}],"line":6},"1":{"loc":{"start":{"line":10,"column":4},"end":{"line":12,"column":5}},"type":"if","locations":[{"start":{"line":10,"column":4},"end":{"line":12,"column":5}},{"start":{"line":10,"column":4},"end":{"line":12,"column":5}}],"line":10}},"s":{"0":1,"1":3,"2":1,"3":2,"4":1,"5":1},"f":{"0":3},"b":{"0":[1,2],"1":[1,1]},"_coverageSchema":"1a1c01bbd47fc00a2c39e90264f33305004495a9","hash":"83407de8d536d777106e18a38a718e2256cc8598"}
,"C:\\Users\\pc\\Desktop\\testez-vos-applications-front-end-avec-javascript\\js\\utils\\api\\sensorsApi\\index.js": {"path":"C:\\Users\\pc\\Desktop\\testez-vos-applications-front-end-avec-javascript\\js\\utils\\api\\sensorsApi\\index.js","statementMap":{"0":{"start":{"line":5,"column":35},"end":{"line":10,"column":48}},"1":{"start":{"line":5,"column":41},"end":{"line":10,"column":48}},"2":{"start":{"line":8,"column":21},"end":{"line":8,"column":31}},"3":{"start":{"line":9,"column":22},"end":{"line":9,"column":34}},"4":{"start":{"line":10,"column":22},"end":{"line":10,"column":47}}},"fnMap":{"0":{"name":"(anonymous_0)","decl":{"start":{"line":5,"column":35},"end":{"line":5,"column":36}},"loc":{"start":{"line":5,"column":41},"end":{"line":10,"column":48}},"line":5},"1":{"name":"(anonymous_1)","decl":{"start":{"line":8,"column":14},"end":{"line":8,"column":15}},"loc":{"start":{"line":8,"column":21},"end":{"line":8,"column":31}},"line":8},"2":{"name":"(anonymous_2)","decl":{"start":{"line":9,"column":14},"end":{"line":9,"column":15}},"loc":{"start":{"line":9,"column":22},"end":{"line":9,"column":34}},"line":9},"3":{"name":"(anonymous_3)","decl":{"start":{"line":10,"column":15},"end":{"line":10,"column":16}},"loc":{"start":{"line":10,"column":22},"end":{"line":10,"column":47}},"line":10}},"branchMap":{"0":{"loc":{"start":{"line":5,"column":41},"end":{"line":10,"column":48}},"type":"cond-expr","locations":[{"start":{"line":6,"column":6},"end":{"line":6,"column":18}},{"start":{"line":7,"column":6},"end":{"line":10,"column":48}}],"line":5}},"s":{"0":4,"1":2,"2":0,"3":0,"4":0},"f":{"0":2,"1":0,"2":0,"3":0},"b":{"0":[2,0]},"_coverageSchema":"1a1c01bbd47fc00a2c39e90264f33305004495a9","hash":"c230c6998ec2dca953d635fd68cf198af345b02a"}
,"C:\\Users\\pc\\Desktop\\testez-vos-applications-front-end-avec-javascript\\js\\utils\\api\\sensorsDetailsApi\\index.js": {"path":"C:\\Users\\pc\\Desktop\\testez-vos-applications-front-end-avec-javascript\\js\\utils\\api\\sensorsDetailsApi\\index.js","statementMap":{"0":{"start":{"line":5,"column":42},"end":{"line":14,"column":1}},"1":{"start":{"line":6,"column":4},"end":{"line":8,"column":5}},"2":{"start":{"line":7,"column":8},"end":{"line":7,"column":26}},"3":{"start":{"line":10,"column":4},"end":{"line":13,"column":48}},"4":{"start":{"line":11,"column":21},"end":{"line":11,"column":31}},"5":{"start":{"line":12,"column":22},"end":{"line":12,"column":33}},"6":{"start":{"line":13,"column":22},"end":{"line":13,"column":47}}},"fnMap":{"0":{"name":"(anonymous_0)","decl":{"start":{"line":5,"column":42},"end":{"line":5,"column":43}},"loc":{"start":{"line":5,"column":48},"end":{"line":14,"column":1}},"line":5},"1":{"name":"(anonymous_1)","decl":{"start":{"line":11,"column":14},"end":{"line":11,"column":15}},"loc":{"start":{"line":11,"column":21},"end":{"line":11,"column":31}},"line":11},"2":{"name":"(anonymous_2)","decl":{"start":{"line":12,"column":14},"end":{"line":12,"column":15}},"loc":{"start":{"line":12,"column":22},"end":{"line":12,"column":33}},"line":12},"3":{"name":"(anonymous_3)","decl":{"start":{"line":13,"column":15},"end":{"line":13,"column":16}},"loc":{"start":{"line":13,"column":22},"end":{"line":13,"column":47}},"line":13}},"branchMap":{"0":{"loc":{"start":{"line":6,"column":4},"end":{"line":8,"column":5}},"type":"if","locations":[{"start":{"line":6,"column":4},"end":{"line":8,"column":5}},{"start":{"line":6,"column":4},"end":{"line":8,"column":5}}],"line":6}},"s":{"0":1,"1":1,"2":1,"3":0,"4":0,"5":0,"6":0},"f":{"0":1,"1":0,"2":0,"3":0},"b":{"0":[1,0]},"_coverageSchema":"1a1c01bbd47fc00a2c39e90264f33305004495a9","hash":"e31f1a634cca7820bfd8bb877578bccbdf6d40d5"}
,"C:\\Users\\pc\\Desktop\\testez-vos-applications-front-end-avec-javascript\\js\\utils\\api\\weatherCastApi\\index.js": {"path":"C:\\Users\\pc\\Desktop\\testez-vos-applications-front-end-avec-javascript\\js\\utils\\api\\weatherCastApi\\index.js","statementMap":{"0":{"start":{"line":5,"column":43},"end":{"line":7,"column":1}},"1":{"start":{"line":6,"column":4},"end":{"line":6,"column":15}}},"fnMap":{"0":{"name":"(anonymous_0)","decl":{"start":{"line":5,"column":43},"end":{"line":5,"column":44}},"loc":{"start":{"line":5,"column":66},"end":{"line":7,"column":1}},"line":5}},"branchMap":{},"s":{"0":1,"1":1},"f":{"0":1},"b":{},"_coverageSchema":"1a1c01bbd47fc00a2c39e90264f33305004495a9","hash":"8378f13110796093cfe02233458a8877e1ba8916"}
,"C:\\Users\\pc\\Desktop\\testez-vos-applications-front-end-avec-javascript\\js\\utils\\env\\index.js": {"path":"C:\\Users\\pc\\Desktop\\testez-vos-applications-front-end-avec-javascript\\js\\utils\\env\\index.js","statementMap":{"0":{"start":{"line":6,"column":27},"end":{"line":6,"column":98}},"1":{"start":{"line":6,"column":33},"end":{"line":6,"column":98}}},"fnMap":{"0":{"name":"(anonymous_0)","decl":{"start":{"line":6,"column":27},"end":{"line":6,"column":28}},"loc":{"start":{"line":6,"column":33},"end":{"line":6,"column":98}},"line":6}},"branchMap":{"0":{"loc":{"start":{"line":6,"column":33},"end":{"line":6,"column":98}},"type":"binary-expr","locations":[{"start":{"line":6,"column":33},"end":{"line":6,"column":63}},{"start":{"line":6,"column":67},"end":{"line":6,"column":98}}],"line":6}},"s":{"0":5,"1":5},"f":{"0":5},"b":{"0":[5,5]},"_coverageSchema":"1a1c01bbd47fc00a2c39e90264f33305004495a9","hash":"db9052e8e3e8cb9d17de6bdf8aca6f503f5d5693"}
,"C:\\Users\\pc\\Desktop\\testez-vos-applications-front-end-avec-javascript\\js\\utils\\findComponentsByPath\\index.js": {"path":"C:\\Users\\pc\\Desktop\\testez-vos-applications-front-end-avec-javascript\\js\\utils\\findComponentsByPath\\index.js","statementMap":{"0":{"start":{"line":1,"column":35},"end":{"line":1,"column":129}},"1":{"start":{"line":1,"column":53},"end":{"line":1,"column":129}},"2":{"start":{"line":1,"column":70},"end":{"line":1,"column":115}}},"fnMap":{"0":{"name":"(anonymous_0)","decl":{"start":{"line":1,"column":35},"end":{"line":1,"column":36}},"loc":{"start":{"line":1,"column":53},"end":{"line":1,"column":129}},"line":1},"1":{"name":"(anonymous_1)","decl":{"start":{"line":1,"column":65},"end":{"line":1,"column":66}},"loc":{"start":{"line":1,"column":70},"end":{"line":1,"column":115}},"line":1}},"branchMap":{"0":{"loc":{"start":{"line":1,"column":53},"end":{"line":1,"column":129}},"type":"binary-expr","locations":[{"start":{"line":1,"column":53},"end":{"line":1,"column":116}},{"start":{"line":1,"column":120},"end":{"line":1,"column":129}}],"line":1}},"s":{"0":1,"1":4,"2":10},"f":{"0":4,"1":10},"b":{"0":[4,0]},"_coverageSchema":"1a1c01bbd47fc00a2c39e90264f33305004495a9","hash":"0ee8bf3b0b9e97adf5a09e7d32d2e145a71b8465"}
,"C:\\Users\\pc\\Desktop\\testez-vos-applications-front-end-avec-javascript\\js\\utils\\signInForm\\index.js": {"path":"C:\\Users\\pc\\Desktop\\testez-vos-applications-front-end-avec-javascript\\js\\utils\\signInForm\\index.js","statementMap":{"0":{"start":{"line":7,"column":28},"end":{"line":20,"column":1}},"1":{"start":{"line":8,"column":27},"end":{"line":8,"column":64}},"2":{"start":{"line":9,"column":31},"end":{"line":9,"column":78}},"3":{"start":{"line":11,"column":29},"end":{"line":11,"column":78}},"4":{"start":{"line":13,"column":4},"end":{"line":17,"column":5}},"5":{"start":{"line":14,"column":8},"end":{"line":14,"column":50}},"6":{"start":{"line":16,"column":8},"end":{"line":16,"column":53}},"7":{"start":{"line":19,"column":4},"end":{"line":19,"column":27}},"8":{"start":{"line":23,"column":31},"end":{"line":36,"column":1}},"9":{"start":{"line":24,"column":31},"end":{"line":24,"column":71}},"10":{"start":{"line":25,"column":34},"end":{"line":25,"column":84}},"11":{"start":{"line":27,"column":32},"end":{"line":27,"column":88}},"12":{"start":{"line":29,"column":4},"end":{"line":33,"column":5}},"13":{"start":{"line":30,"column":8},"end":{"line":30,"column":53}},"14":{"start":{"line":32,"column":8},"end":{"line":32,"column":56}},"15":{"start":{"line":35,"column":4},"end":{"line":35,"column":30}},"16":{"start":{"line":39,"column":20},"end":{"line":39,"column":75}},"17":{"start":{"line":39,"column":26},"end":{"line":39,"column":75}},"18":{"start":{"line":42,"column":32},"end":{"line":52,"column":1}},"19":{"start":{"line":43,"column":25},"end":{"line":43,"column":64}},"20":{"start":{"line":45,"column":4},"end":{"line":51,"column":6}},"21":{"start":{"line":46,"column":8},"end":{"line":46,"column":26}},"22":{"start":{"line":48,"column":8},"end":{"line":50,"column":9}},"23":{"start":{"line":49,"column":12},"end":{"line":49,"column":39}}},"fnMap":{"0":{"name":"(anonymous_0)","decl":{"start":{"line":7,"column":28},"end":{"line":7,"column":29}},"loc":{"start":{"line":7,"column":34},"end":{"line":20,"column":1}},"line":7},"1":{"name":"(anonymous_1)","decl":{"start":{"line":23,"column":31},"end":{"line":23,"column":32}},"loc":{"start":{"line":23,"column":37},"end":{"line":36,"column":1}},"line":23},"2":{"name":"(anonymous_2)","decl":{"start":{"line":39,"column":20},"end":{"line":39,"column":21}},"loc":{"start":{"line":39,"column":26},"end":{"line":39,"column":75}},"line":39},"3":{"name":"(anonymous_3)","decl":{"start":{"line":42,"column":32},"end":{"line":42,"column":33}},"loc":{"start":{"line":42,"column":38},"end":{"line":52,"column":1}},"line":42},"4":{"name":"(anonymous_4)","decl":{"start":{"line":45,"column":44},"end":{"line":45,"column":45}},"loc":{"start":{"line":45,"column":51},"end":{"line":51,"column":5}},"line":45}},"branchMap":{"0":{"loc":{"start":{"line":13,"column":4},"end":{"line":17,"column":5}},"type":"if","locations":[{"start":{"line":13,"column":4},"end":{"line":17,"column":5}},{"start":{"line":13,"column":4},"end":{"line":17,"column":5}}],"line":13},"1":{"loc":{"start":{"line":29,"column":4},"end":{"line":33,"column":5}},"type":"if","locations":[{"start":{"line":29,"column":4},"end":{"line":33,"column":5}},{"start":{"line":29,"column":4},"end":{"line":33,"column":5}}],"line":29},"2":{"loc":{"start":{"line":39,"column":26},"end":{"line":39,"column":75}},"type":"binary-expr","locations":[{"start":{"line":39,"column":26},"end":{"line":39,"column":47}},{"start":{"line":39,"column":51},"end":{"line":39,"column":75}}],"line":39},"3":{"loc":{"start":{"line":48,"column":8},"end":{"line":50,"column":9}},"type":"if","locations":[{"start":{"line":48,"column":8},"end":{"line":50,"column":9}},{"start":{"line":48,"column":8},"end":{"line":50,"column":9}}],"line":48}},"s":{"0":2,"1":4,"2":4,"3":4,"4":4,"5":3,"6":1,"7":4,"8":2,"9":3,"10":3,"11":3,"12":3,"13":1,"14":2,"15":3,"16":2,"17":4,"18":2,"19":5,"20":5,"21":4,"22":4,"23":1},"f":{"0":4,"1":3,"2":4,"3":5,"4":4},"b":{"0":[3,1],"1":[1,2],"2":[4,3],"3":[1,3]},"_coverageSchema":"1a1c01bbd47fc00a2c39e90264f33305004495a9","hash":"d2e8cb9034575a3ed0bc95a2cec4c23a437e9ea3"}
}
