TN:
SF:data\mock-facade-detail-data.js
FNF:0
FNH:0
DA:1,1
LF:1
LH:1
BRF:0
BRH:0
end_of_record
TN:
SF:data\mock-homepage-data.js
FNF:0
FNH:0
DA:1,4
LF:1
LH:1
BRF:0
BRH:0
end_of_record
TN:
SF:data\mock-weather-api-data.js
FNF:0
FNH:0
DA:1,1
LF:1
LH:1
BRF:0
BRH:0
end_of_record
TN:
SF:js\constants.js
FNF:0
FNH:0
DA:1,4
DA:2,4
DA:3,4
LF:3
LH:3
BRF:0
BRH:0
end_of_record
TN:
SF:js\pages\404\index.js
FN:2,(anonymous_0)
FNF:1
FNH:0
FNDA:0,(anonymous_0)
DA:1,1
DA:3,0
LF:2
LH:1
BRF:0
BRH:0
end_of_record
TN:
SF:js\pages\addSensor\index.js
FN:4,(anonymous_0)
FNF:1
FNH:1
FNDA:1,(anonymous_0)
DA:3,1
DA:5,1
LF:2
LH:2
BRF:0
BRH:0
end_of_record
TN:
SF:js\pages\common\header\index.js
FN:2,(anonymous_0)
FNF:1
FNH:1
FNDA:4,(anonymous_0)
DA:1,4
DA:3,4
LF:2
LH:2
BRF:0
BRH:0
end_of_record
TN:
SF:js\pages\common\pagination\index.js
FN:11,(anonymous_0)
FN:12,(anonymous_1)
FN:31,(anonymous_2)
FN:34,(anonymous_3)
FNF:4
FNH:3
FNDA:8,(anonymous_0)
FNDA:4,(anonymous_1)
FNDA:1,(anonymous_2)
FNDA:0,(anonymous_3)
DA:5,3
DA:11,8
DA:13,4
DA:15,4
DA:17,4
DA:18,10
DA:27,4
DA:29,4
DA:32,1
DA:34,1
DA:35,0
DA:36,0
LF:12
LH:10
BRF:0
BRH:0
end_of_record
TN:
SF:js\pages\facadeDetails\index.js
FN:7,(anonymous_0)
FN:14,(anonymous_1)
FN:90,(anonymous_2)
FN:161,(anonymous_3)
FNF:4
FNH:4
FNDA:1,(anonymous_0)
FNDA:1,(anonymous_1)
FNDA:1,(anonymous_2)
FNDA:1,(anonymous_3)
DA:6,1
DA:8,1
DA:15,1
DA:91,1
DA:162,1
DA:163,1
DA:165,1
LF:7
LH:7
BRDA:41,0,0,1
BRDA:41,0,1,0
BRDA:153,1,0,1
BRDA:153,1,1,0
BRF:4
BRH:2
end_of_record
TN:
SF:js\pages\home\index.js
FN:11,(anonymous_0)
FN:42,(anonymous_1)
FN:62,(anonymous_2)
FNF:3
FNH:2
FNDA:1,(anonymous_0)
FNDA:1,(anonymous_1)
FNDA:0,(anonymous_2)
DA:8,3
DA:12,1
DA:14,1
DA:15,8
DA:38,1
DA:39,1
DA:43,1
DA:44,1
DA:46,1
DA:63,0
DA:65,0
DA:66,0
DA:68,0
DA:70,0
LF:14
LH:9
BRF:0
BRH:0
end_of_record
TN:
SF:js\pages\signIn\index.js
FN:2,(anonymous_0)
FNF:1
FNH:1
FNDA:5,(anonymous_0)
DA:1,2
DA:3,5
LF:2
LH:2
BRF:0
BRH:0
end_of_record
TN:
SF:js\router\index.js
FN:31,(anonymous_0)
FN:33,(anonymous_1)
FN:42,(anonymous_2)
FNF:3
FNH:3
FNDA:11,(anonymous_0)
FNDA:4,(anonymous_1)
FNDA:4,(anonymous_2)
DA:12,1
DA:31,11
DA:33,1
DA:34,4
DA:35,1
DA:36,3
DA:37,1
DA:42,1
DA:44,4
DA:47,4
DA:50,4
DA:53,4
LF:12
LH:12
BRDA:31,0,0,11
BRDA:31,0,1,2
BRDA:34,1,0,1
BRDA:34,1,1,3
BRDA:36,2,0,1
BRDA:36,2,1,2
BRDA:47,3,0,0
BRDA:47,4,0,4
BRDA:47,4,1,0
BRF:9
BRH:7
end_of_record
TN:
SF:js\samples\unit\unit1.js
FN:5,(anonymous_0)
FNF:1
FNH:1
FNDA:3,(anonymous_0)
DA:5,1
DA:6,3
DA:7,1
DA:10,2
DA:11,1
DA:14,1
LF:6
LH:6
BRDA:6,0,0,1
BRDA:6,0,1,2
BRDA:10,1,0,1
BRDA:10,1,1,1
BRF:4
BRH:4
end_of_record
TN:
SF:js\utils\api\sensorsApi\index.js
FN:5,(anonymous_0)
FN:8,(anonymous_1)
FN:9,(anonymous_2)
FN:10,(anonymous_3)
FNF:4
FNH:1
FNDA:2,(anonymous_0)
FNDA:0,(anonymous_1)
FNDA:0,(anonymous_2)
FNDA:0,(anonymous_3)
DA:5,4
DA:8,0
DA:9,0
DA:10,0
LF:4
LH:1
BRDA:5,0,0,2
BRDA:5,0,1,0
BRF:2
BRH:1
end_of_record
TN:
SF:js\utils\api\sensorsDetailsApi\index.js
FN:5,(anonymous_0)
FN:11,(anonymous_1)
FN:12,(anonymous_2)
FN:13,(anonymous_3)
FNF:4
FNH:1
FNDA:1,(anonymous_0)
FNDA:0,(anonymous_1)
FNDA:0,(anonymous_2)
FNDA:0,(anonymous_3)
DA:5,1
DA:6,1
DA:7,1
DA:10,0
DA:11,0
DA:12,0
DA:13,0
LF:7
LH:3
BRDA:6,0,0,1
BRDA:6,0,1,0
BRF:2
BRH:1
end_of_record
TN:
SF:js\utils\api\weatherCastApi\index.js
FN:5,(anonymous_0)
FNF:1
FNH:1
FNDA:1,(anonymous_0)
DA:5,1
DA:6,1
LF:2
LH:2
BRF:0
BRH:0
end_of_record
TN:
SF:js\utils\env\index.js
FN:6,(anonymous_0)
FNF:1
FNH:1
FNDA:5,(anonymous_0)
DA:6,5
LF:1
LH:1
BRDA:6,0,0,5
BRDA:6,0,1,5
BRF:2
BRH:2
end_of_record
TN:
SF:js\utils\findComponentsByPath\index.js
FN:1,(anonymous_0)
FN:1,(anonymous_1)
FNF:2
FNH:2
FNDA:4,(anonymous_0)
FNDA:10,(anonymous_1)
DA:1,10
LF:1
LH:1
BRDA:1,0,0,4
BRDA:1,0,1,0
BRF:2
BRH:1
end_of_record
TN:
SF:js\utils\signInForm\index.js
FN:7,(anonymous_0)
FN:23,(anonymous_1)
FN:39,(anonymous_2)
FN:42,(anonymous_3)
FN:45,(anonymous_4)
FNF:5
FNH:5
FNDA:4,(anonymous_0)
FNDA:3,(anonymous_1)
FNDA:4,(anonymous_2)
FNDA:5,(anonymous_3)
FNDA:4,(anonymous_4)
DA:7,2
DA:8,4
DA:9,4
DA:11,4
DA:13,4
DA:14,3
DA:16,1
DA:19,4
DA:23,2
DA:24,3
DA:25,3
DA:27,3
DA:29,3
DA:30,1
DA:32,2
DA:35,3
DA:39,4
DA:42,2
DA:43,5
DA:45,5
DA:46,4
DA:48,4
DA:49,1
LF:23
LH:23
BRDA:13,0,0,3
BRDA:13,0,1,1
BRDA:29,1,0,1
BRDA:29,1,1,2
BRDA:39,2,0,4
BRDA:39,2,1,3
BRDA:48,3,0,1
BRDA:48,3,1,3
BRF:8
BRH:8
end_of_record
